Arguments: 
  C:\Program Files (x86)\nodejs\node.exe C:\Users\Kittu\AppData\Roaming\npm\node_modules\yarn\bin\yarn.js add aws-sdk

PATH: 
  C:\Program Files\Common Files\Oracle\Java\javapath;C:\Windows\system32;C:\Windows;C:\Windows\System32\Wbem;C:\Windows\System32\WindowsPowerShell\v1.0\;C:\Windows\System32\OpenSSH\;C:\Program Files\MATLAB\R2016a\runtime\win64;C:\Program Files\MATLAB\R2016a\bin;C:\Program Files\MATLAB\R2016a\polyspace\bin;C:\ProgramData\chocolatey\bin;C:\Users\Kittu\AppData\Local\Yarn\bin;C:\Program Files\Git\cmd;C:\Program Files\Microsoft SQL Server\120\Tools\Binn\;C:\Program Files\Microsoft SQL Server\Client SDK\ODBC\110\Tools\Binn\;C:\Program Files (x86)\Common Files\AspenTech Shared\;C:\Program Files\Common Files\AspenTech Shared\;C:\Program Files (x86)\nodejs\;C:\Users\Kittu\AppData\Local\Programs\Python\Python310\Scripts\;C:\Users\Kittu\AppData\Local\Programs\Python\Python310\;C:\Users\Kittu\AppData\Local\Microsoft\WindowsApps;C:\Users\Kittu\AppData\Local\Programs\Microsoft VS Code\bin;C:\Users\Kittu\AppData\Local\Android\Sdk\platform-tools;C:\Users\Kittu\AppData\Local\Programs\MiKTeX 2.9\miktex\bin\x64\;C:\Program Files\Common Files\AspenTech Shared\;AspenTech\Aspen Hydraulics;C:\Users\Kittu\AppData\Roaming\npm;C:\MinGW\bin;

Yarn version: 
  1.22.17

Node version: 
  16.18.0

Platform: 
  win32 ia32

Trace: 
  Error: getaddrinfo ENOTFOUND registry.yarnpkg.com
      at GetAddrInfoReqWrap.onlookup [as oncomplete] (node:dns:109:26)

npm manifest: 
  {
    "name": "coc-backend",
    "version": "1.0.0",
    "description": "",
    "main": "index.js",
    "scripts": {
      "test": "echo \"Error: no test specified\" && exit 1"
    },
    "repository": {
      "type": "git",
      "url": "git+https://github.com/uday-09/coc-backend.git"
    },
    "keywords": [],
    "author": "",
    "license": "ISC",
    "bugs": {
      "url": "https://github.com/uday-09/coc-backend/issues"
    },
    "homepage": "https://github.com/uday-09/coc-backend#readme",
    "dependencies": {
      "bcryptjs": "^2.4.3",
      "cors": "^2.8.5",
      "dotenv": "^16.0.3",
      "express": "^4.18.2",
      "jsonwebtoken": "^8.5.1",
      "mongodb": "^4.12.0",
      "mongoose": "^6.7.2",
      "multer": "^1.4.5-lts.1",
      "multer-s3": "^3.0.1",
      "nodemon": "^2.0.20",
      "validator": "^13.7.0"
    }
  }

yarn manifest: 
  No manifest

Lockfile: 
  No lockfile
